<?xml version="1.0" encoding="UTF-8"?>
<!-- Generated by org.testng.reporters.JUnitReportReporter -->
<testsuite hostname="PHN0083" failures="0" tests="1" name="packOne.tests.TestA" time="24.959" errors="0" timestamp="2021-05-16T10:37:59 SGT" skipped="0">
  <testcase classname="packOne.tests.TestA" name="testA" time="24.959"/>
  <system-out/>
</testsuite> <!-- packOne.tests.TestA -->
