<?xml version="1.0" encoding="UTF-8"?>
<!-- Generated by org.testng.reporters.JUnitReportReporter -->
<testsuite hostname="PHN0083" failures="0" tests="1" name="packOne.tests.TestB" time="24.792" errors="0" timestamp="2021-05-16T10:37:59 SGT" skipped="0">
  <testcase classname="packOne.tests.TestB" name="testB" time="24.792"/>
  <system-out/>
</testsuite> <!-- packOne.tests.TestB -->
